[INFO] Scanning for projects...
[INFO] 
[INFO] ------------------------------------------------------------------------
[INFO] Building searchengine 1.0.0-SNAPSHOT
[INFO] ------------------------------------------------------------------------
[INFO] Scanning for projects...
[INFO] 
[INFO] ------------------------------------------------------------------------
[INFO] Building searchengine 1.0.0-SNAPSHOT
[INFO] ------------------------------------------------------------------------
[INFO] 
[INFO] --- exec-maven-plugin:1.6.0:java (WebCrawler) @ searchengine ---
2018-04-23 18:35:04 ERROR URLFrontier:107 - Active thread:5
450 [Thread-2] INFO org.eclipse.jetty.util.log - Logging initialized @3019ms to org.eclipse.jetty.util.log.Slf4jLog
492 [Thread-2] INFO spark.embeddedserver.jetty.EmbeddedJettyServer - == Spark has ignited ...
492 [Thread-2] INFO spark.embeddedserver.jetty.EmbeddedJettyServer - >> Listening on 0.0.0.0:5001
502 [Thread-2] INFO org.eclipse.jetty.server.Server - jetty-9.4.6.v20170531
534 [Thread-2] INFO org.eclipse.jetty.server.session - DefaultSessionIdManager workerName=node0
534 [Thread-2] INFO org.eclipse.jetty.server.session - No SessionScavenger set, using defaults
537 [Thread-2] INFO org.eclipse.jetty.server.session - Scavenging every 600000ms
567 [Thread-2] INFO org.eclipse.jetty.server.AbstractConnector - Started ServerConnector@733095bc{HTTP/1.1,[http/1.1]}{0.0.0.0:5001}
567 [Thread-2] INFO org.eclipse.jetty.server.Server - Started @3137ms
