2018-04-27 21:04:21,214 [      CrawlerWorker.java:4:80] - id4	Downloaded:	https://en.wikipedia.org/w/index.php?title=Special:UserLogin&returnto=File%3A...All+That+Might+Have+Been...jpg
2018-04-27 21:04:21,367 [      CrawlerWorker.java:9:80] - id9	Downloaded:	https://en.wikipedia.org/wiki/File:JuanitaduPlessisGhoemaDiamant.jpeg
2018-04-27 21:04:21,372 [      CrawlerWorker.java:3:80] - id3	Downloaded:	https://commons.wikimedia.org/wiki/Category:Bagh_print
2018-04-27 21:04:21,414 [      CrawlerWorker.java:1:80] - id1	Downloaded:	https://en.wikipedia.org/wiki/File:Dtsbibsac.jpg
2018-04-27 21:04:21,417 [      CrawlerWorker.java:5:80] - id5	Downloaded:	https://en.wikipedia.org/wiki/Chhipa
2018-04-27 21:04:21,420 [      CrawlerWorker.java:6:80] - id6	Downloaded:	https://en.wikipedia.org/wiki/File:DTSX_technology_Logo_.jpg
2018-04-27 21:04:21,473 [      CrawlerWorker.java:7:80] - id7	Downloaded:	https://en.wikipedia.org/wiki/Robert_Farber_(photographer)#cite_note-24
2018-04-27 21:04:21,642 [      CrawlerWorker.java:2:80] - id2	Downloaded:	https://en.wikipedia.org/wiki/Robert_Farber_(photographer)#cite_note-23
2018-04-27 21:04:22,661 [      CrawlerWorker.java:8:80] - id8	Downloaded:	https://commons.wikimedia.org/wiki/Category:Churches
2018-04-27 21:04:22,851 [      CrawlerWorker.java:3:80] - id3	Downloaded:	https://en.wikipedia.org/wiki/Mold_prevention
2018-04-27 21:04:22,910 [      CrawlerWorker.java:6:80] - id6	Downloaded:	https://en.wikipedia.org/wiki/Divorce_law_by_country
2018-04-27 21:04:22,929 [      CrawlerWorker.java:9:80] - id9	Downloaded:	https://en.wikipedia.org/wiki/File:DJIA_-_14000.PNG
2018-04-27 21:04:22,980 [      CrawlerWorker.java:7:80] - id7	Downloaded:	https://en.wikipedia.org/w/index.php?title=Special:UserLogin&returnto=File%3AJTHM1.jpg&returntoquery=oldid%3D791422276
2018-04-27 21:04:22,981 [      CrawlerWorker.java:5:80] - id5	Downloaded:	https://en.wikipedia.org/wiki/File:DTB_DVD.jpg
2018-04-27 21:04:23,017 [      CrawlerWorker.java:2:80] - id2	Downloaded:	https://en.wikipedia.org/wiki/Controversies_about_the_2004_Madrid_train_bombings
2018-04-27 21:04:23,082 [      CrawlerWorker.java:1:80] - id1	Downloaded:	https://commons.wikimedia.org/wiki/Commons:Categories/ca
2018-04-27 21:04:23,302 [      CrawlerWorker.java:5:80] - id5	Downloaded:	https://en.wikipedia.org/wiki/File:DJ_Khaled_I_Changed_A_Lot.jpg
2018-04-27 21:04:23,307 [      CrawlerWorker.java:7:80] - id7	Downloaded:	https://en.wikipedia.org/wiki/Category:Articles_needing_additional_references_from_March_2010
2018-04-27 21:04:23,313 [      CrawlerWorker.java:9:80] - id9	Downloaded:	https://en.wikipedia.org/wiki/File:Juanes_-_Yerbatero.jpg
2018-04-27 21:04:23,421 [      CrawlerWorker.java:3:80] - id3	Downloaded:	https://en.wikipedia.org/wiki/Special:RecentChangesLinked/File:...All_That_Might_Have_Been...jpg
2018-04-27 21:04:23,625 [      CrawlerWorker.java:5:80] - id5	Downloaded:	https://en.wikipedia.org/wiki/Help:Page_history
2018-04-27 21:04:23,628 [      CrawlerWorker.java:1:80] - id1	Downloaded:	https://en.wikipedia.org/wiki/Help:Permanent_link
2018-04-27 21:04:23,769 [      CrawlerWorker.java:7:80] - id7	Downloaded:	https://en.wikipedia.org/wiki/Special:WhatLinksHere/U.S._Route_287
2018-04-27 21:04:23,896 [      CrawlerWorker.java:6:80] - id6	Downloaded:	https://en.wikiquote.org/wiki/Virgil
2018-04-27 21:04:24,008 [      CrawlerWorker.java:8:80] - id8	Downloaded:	https://en.wikipedia.org/wiki/Anarchistick%C3%A1_federace
2018-04-27 21:04:24,025 [      CrawlerWorker.java:1:80] - id1	Downloaded:	https://en.wikipedia.org/wiki/File:DJ_Shadow_-_Preemptive_Strike.jpg
2018-04-27 21:04:24,083 [      CrawlerWorker.java:5:80] - id5	Downloaded:	https://en.wikipedia.org/wiki/Portal:Journalism
2018-04-27 21:04:24,255 [      CrawlerWorker.java:2:80] - id2	Downloaded:	https://en.wikipedia.org/wiki/File:Wikibooks-logo-en.svg
2018-04-27 21:04:24,274 [      CrawlerWorker.java:7:80] - id7	Downloaded:	https://en.wikipedia.org/wiki/File:JuanGabrielDeboHacerlo.jpg
2018-04-27 21:04:24,296 [      CrawlerWorker.java:1:80] - id1	Downloaded:	https://en.wikipedia.org/wiki/Conservation_and_restoration_of_leather_objects
2018-04-27 21:04:24,361 [      CrawlerWorker.java:6:80] - id6	Downloaded:	https://en.wikipedia.org/wiki/Robert_Farber_(photographer)#cite_note-25
2018-04-27 21:04:24,371 [      CrawlerWorker.java:9:80] - id9	Downloaded:	https://en.wikipedia.org/wiki/Assassination_of_Abraham_Lincoln#cite_ref-swanson_13-17
2018-04-27 21:04:24,439 [      CrawlerWorker.java:8:80] - id8	Downloaded:	https://en.wikiquote.org/wiki/Mahatma_Gandhi
2018-04-27 21:04:24,447 [      CrawlerWorker.java:0:80] - id0	Downloaded:	https://www.yahoo.com/
2018-04-27 21:04:24,518 [      CrawlerWorker.java:7:80] - id7	Downloaded:	https://en.wikipedia.org/wiki/File:...All_That_Might_Have_Been...jpg#p-search
2018-04-27 21:04:24,555 [      CrawlerWorker.java:5:80] - id5	Downloaded:	https://en.wikipedia.org/wiki/Scientific_journalism
2018-04-27 21:04:24,707 [      CrawlerWorker.java:1:80] - id1	Downloaded:	https://en.wikipedia.org/wiki/File:DJ_Z-Trip_-_Shifting_Gears_(Edited).jpg
2018-04-27 21:04:24,823 [      CrawlerWorker.java:2:80] - id2	Downloaded:	https://en.wikipedia.org/w/index.php?title=Special:CreateAccount&returnto=File%3AJTHM1.jpg&returntoquery=oldid%3D791422276
2018-04-27 21:04:24,843 [      CrawlerWorker.java:6:80] - id6	Downloaded:	https://en.wikipedia.org/wiki/List_of_assassinated_American_politicians
2018-04-27 21:04:24,848 [      CrawlerWorker.java:4:80] - id4	Downloaded:	https://www.libertarianism.org/encyclopedia/catos-letters#main-content
2018-04-27 21:04:25,225 [      CrawlerWorker.java:2:80] - id2	Downloaded:	https://en.wikipedia.org/wiki/Hello_Garci_scandal
2018-04-27 21:04:25,382 [      CrawlerWorker.java:8:80] - id8	Downloaded:	https://en.wikipedia.org/w/index.php?title=File:JTHM1.jpg&direction=prev&oldid=791422276
2018-04-27 21:04:25,441 [      CrawlerWorker.java:4:80] - id4	Downloaded:	https://en.wikipedia.org/wiki/File:DJ_Trackstyle_1.png
2018-04-27 21:04:25,454 [      CrawlerWorker.java:9:80] - id9	Downloaded:	https://en.wikipedia.org/wiki/1906_Intercalated_Games
2018-04-27 21:04:25,498 [      CrawlerWorker.java:1:80] - id1	Downloaded:	https://en.wikipedia.org/wiki/File:Dual_gauge_Africa_4_rail_3_gauge.svg
2018-04-27 21:04:25,523 [      CrawlerWorker.java:5:80] - id5	Downloaded:	https://en.wikipedia.org/wiki/Category:Skills
2018-04-27 21:04:25,642 [      CrawlerWorker.java:4:80] - id4	Downloaded:	https://en.wikipedia.org/wiki/Worldwide_Governance_Indicators
2018-04-27 21:04:25,651 [      CrawlerWorker.java:7:80] - id7	Downloaded:	https://commons.wikimedia.org/wiki/Special:MyLanguage/Commons:Fair_use
2018-04-27 21:04:25,685 [      CrawlerWorker.java:6:80] - id6	Downloaded:	https://en.wikiquote.org/wiki/Muhammad
2018-04-27 21:04:25,808 [      CrawlerWorker.java:5:80] - id5	Downloaded:	https://en.wikipedia.org/wiki/Knights_of_the_Golden_Circle
2018-04-27 21:04:25,867 [      CrawlerWorker.java:9:80] - id9	Downloaded:	https://en.wikiquote.org/wiki/Iraq
2018-04-27 21:04:25,894 [      CrawlerWorker.java:1:80] - id1	Downloaded:	https://en.wikipedia.org/wiki/Slavic_languages
2018-04-27 21:04:26,021 [      CrawlerWorker.java:4:80] - id4	Downloaded:	https://en.wikipedia.org/wiki/Vanity_Fair_(magazine)
2018-04-27 21:04:26,319 [      CrawlerWorker.java:7:80] - id7	Downloaded:	https://en.wikipedia.org/wiki/Stratford,_Texas
2018-04-27 21:04:26,443 [      CrawlerWorker.java:8:80] - id8	Downloaded:	https://en.wikipedia.org/wiki/Special:BookSources/2-88046-823-X
2018-04-27 21:04:26,530 [      CrawlerWorker.java:4:80] - id4	Downloaded:	https://en.wikiquote.org/wiki/File:Wikivoyage-Logo-v3-icon.svg
2018-04-27 21:04:26,645 [      CrawlerWorker.java:5:80] - id5	Downloaded:	https://en.wikipedia.org/wiki/Weather_forecasting
2018-04-27 21:04:26,937 [      CrawlerWorker.java:7:80] - id7	Downloaded:	https://en.wikipedia.org/wiki/Robert_Farber_(photographer)#cite_ref-Caponigro_2-2
2018-04-27 21:04:27,021 [      CrawlerWorker.java:2:80] - id2	Downloaded:	https://en.wikipedia.org/wiki/Virgil
2018-04-27 21:04:27,158 [      CrawlerWorker.java:8:80] - id8	Downloaded:	https://en.wikipedia.org/wiki/Recipe
2018-04-27 21:04:27,234 [      CrawlerWorker.java:4:80] - id4	Downloaded:	https://en.wikipedia.org/wiki/1957_in_television
2018-04-27 21:04:27,322 [      CrawlerWorker.java:7:80] - id7	Downloaded:	https://en.wikipedia.org/wiki/1943%E2%80%9344_in_English_football
2018-04-27 21:04:27,355 [      CrawlerWorker.java:9:80] - id9	Downloaded:	https://en.wikipedia.org/wiki/Special:Contributions/RonBot
2018-04-27 21:04:27,371 [      CrawlerWorker.java:6:80] - id6	Downloaded:	https://en.wikipedia.org/wiki/File:DTNG_season-5.jpg
2018-04-27 21:04:27,551 [      CrawlerWorker.java:5:80] - id5	Downloaded:	https://en.wikipedia.org/wiki/Category:How-to
2018-04-27 21:04:27,593 [      CrawlerWorker.java:7:80] - id7	Downloaded:	https://en.wikipedia.org/wiki/Robert_Farber_(photographer)#cite_ref-Caponigro_2-0
2018-04-27 21:04:27,669 [      CrawlerWorker.java:9:80] - id9	Downloaded:	https://en.wikiquote.org/wiki/Category:Themes
2018-04-27 21:04:27,754 [      CrawlerWorker.java:0:80] - id0	Downloaded:	https://en.wikipedia.org/wiki/Paper_toys
2018-04-27 21:04:27,755 [      CrawlerWorker.java:4:80] - id4	Downloaded:	https://commons.wikimedia.org/wiki/Category:Giralda
2018-04-27 21:04:46,301 [      CrawlerWorker.java:2:80] - id2	Downloaded:	https://commons.wikimedia.org/wiki/Commons:Categorie%C3%ABn
2018-04-27 21:04:46,353 [      CrawlerWorker.java:9:80] - id9	Downloaded:	https://en.wikipedia.org/wiki/Bamboo_and_wooden_slips
2018-04-27 21:04:46,374 [      CrawlerWorker.java:8:80] - id8	Downloaded:	https://en.wikipedia.org/w/index.php?title=Special:Book&bookcmd=book_creator&referer=Robert+Farber+%28photographer%29
2018-04-27 21:04:46,341 [      CrawlerWorker.java:6:80] - id6	Downloaded:	https://en.wikipedia.org/wiki/Business_journalism
2018-04-27 21:04:46,329 [      CrawlerWorker.java:1:80] - id1	Downloaded:	https://en.wikipedia.org/wiki/User:RonBot/Run
2018-04-27 21:04:46,379 [      CrawlerWorker.java:4:80] - id4	Downloaded:	https://en.wikipedia.org/w/index.php?title=Special:CreateAccount&returnto=Political+journalism
2018-04-27 21:04:46,539 [      CrawlerWorker.java:3:80] - id3	Downloaded:	https://en.wikipedia.org/w/index.php?title=How-to&oldid=836434531
2018-04-27 21:04:46,614 [      CrawlerWorker.java:7:80] - id7	Downloaded:	https://en.wikipedia.org/wiki/Special:RecentChangesLinked/U.S._Route_287
2018-04-27 21:04:46,749 [      CrawlerWorker.java:5:80] - id5	Downloaded:	https://en.wikipedia.org/wiki/Playboy_(magazine)
2018-04-27 21:04:47,390 [      CrawlerWorker.java:1:80] - id1	Downloaded:	https://en.wikipedia.org/wiki/Index_card
2018-04-27 21:04:47,453 [      CrawlerWorker.java:3:80] - id3	Downloaded:	https://en.wikipedia.org/wiki/A.L._Monsohn_Lithography
2018-04-27 21:04:47,508 [      CrawlerWorker.java:7:80] - id7	Downloaded:	https://en.wikipedia.org/wiki/Template_talk:Journalism
2018-04-27 21:04:47,534 [      CrawlerWorker.java:2:80] - id2	Downloaded:	https://en.wikipedia.org/w/index.php?title=File:Juanmaclean_human.jpg&action=history
2018-04-27 21:04:47,584 [      CrawlerWorker.java:6:80] - id6	Downloaded:	https://en.wikipedia.org/wiki/File:Ju-on-_The_Final_poster.jpeg
2018-04-27 21:04:47,662 [      CrawlerWorker.java:9:80] - id9	Downloaded:	https://commons.wikimedia.org/wiki/Special:MyLanguage/Commons:Credit_line
2018-04-27 21:04:47,729 [      CrawlerWorker.java:1:80] - id1	Downloaded:	https://en.wikipedia.org/wiki/File:DTS_Listen_Logo.png
2018-04-27 21:04:47,730 [      CrawlerWorker.java:4:80] - id4	Downloaded:	https://en.wikipedia.org/wiki/User:RonBot
2018-04-27 21:04:47,900 [      CrawlerWorker.java:9:80] - id9	Downloaded:	https://en.wikipedia.org/wiki/Edmund_Spangler
2018-04-27 21:04:47,942 [      CrawlerWorker.java:3:80] - id3	Downloaded:	https://en.wikipedia.org/wiki/U.S._Route_87
2018-04-27 21:04:47,960 [      CrawlerWorker.java:5:80] - id5	Downloaded:	https://en.wikipedia.org/wiki/Playboy
2018-04-27 21:04:48,028 [      CrawlerWorker.java:7:80] - id7	Downloaded:	https://en.wikipedia.org/w/index.php?title=How-to&action=edit&section=1
2018-04-27 21:04:48,172 [      CrawlerWorker.java:1:80] - id1	Downloaded:	https://en.wikipedia.org/wiki/File_talk:Juanmaclean_human.jpg
2018-04-27 21:04:48,426 [      CrawlerWorker.java:8:80] - id8	Downloaded:	https://en.wikipedia.org/wiki/Greek_language
2018-04-27 21:04:48,512 [      CrawlerWorker.java:1:80] - id1	Downloaded:	https://en.wikipedia.org/wiki/Special:WhatLinksHere/Robert_Farber_(photographer)
2018-04-27 21:04:48,515 [      CrawlerWorker.java:3:80] - id3	Downloaded:	https://en.wikipedia.org/wiki/Crafts_of_India
2018-04-27 21:04:48,713 [      CrawlerWorker.java:6:80] - id6	Downloaded:	https://en.wikipedia.org/wiki/Robert_Farber_(photographer)#cite_note-5
2018-04-27 21:04:48,774 [      CrawlerWorker.java:4:80] - id4	Downloaded:	https://en.wikiquote.org/wiki/Work
2018-04-27 21:04:48,986 [      CrawlerWorker.java:3:80] - id3	Downloaded:	https://en.wikipedia.org/wiki/Andrzej_Ajnenkiel
2018-04-27 21:04:48,991 [      CrawlerWorker.java:8:80] - id8	Downloaded:	https://en.wikipedia.org/wiki/Category:DIY_culture
2018-04-27 21:04:49,142 [      CrawlerWorker.java:1:80] - id1	Downloaded:	https://en.wikipedia.org/wiki/Loveland,_Colorado
2018-04-27 21:04:49,201 [      CrawlerWorker.java:6:80] - id6	Downloaded:	https://en.wikipedia.org/w/index.php?title=Special:CreateAccount&returnto=Category%3AFiles+with+no+machine-readable+author&returntoquery=from%3DJt
2018-04-27 21:04:49,264 [      CrawlerWorker.java:8:80] - id8	Downloaded:	https://en.wikipedia.org/wiki/File:DJculturemix.jpg
2018-04-27 21:04:49,270 [      CrawlerWorker.java:3:80] - id3	Downloaded:	https://en.wikipedia.org/wiki/12_%C3%A9xitos_para_2_guitarras_flamencas
2018-04-27 21:04:49,616 [      CrawlerWorker.java:6:80] - id6	Downloaded:	https://en.wikipedia.org/wiki/Special:RecentChangesLinked/File:Juanmaclean_human.jpg
2018-04-27 21:04:49,633 [      CrawlerWorker.java:4:80] - id4	Downloaded:	https://en.wikipedia.org/wiki/Alexander_(2008_film)
2018-04-27 21:04:49,664 [      CrawlerWorker.java:8:80] - id8	Downloaded:	https://en.wikipedia.org/wiki/Denmark%E2%80%93Norway
2018-04-27 21:04:49,682 [      CrawlerWorker.java:5:80] - id5	Downloaded:	https://en.wikipedia.org/wiki/Assassination_of_Abraham_Lincoln#References
2018-04-27 21:04:49,780 [      CrawlerWorker.java:7:80] - id7	Downloaded:	https://en.wikipedia.org/w/index.php?title=Political_journalism&oldid=819870756
2018-04-27 21:04:49,876 [      CrawlerWorker.java:4:80] - id4	Downloaded:	https://en.wikipedia.org/wiki/Reconstruction_(architecture)
2018-04-27 21:04:49,920 [      CrawlerWorker.java:2:80] - id2	Downloaded:	https://commons.wikimedia.org/wiki/Category:Felis_silvestris_catus
2018-04-27 21:04:50,121 [      CrawlerWorker.java:8:80] - id8	Downloaded:	https://en.wikipedia.org/wiki/File:JuanesMiSangre600x600.jpg
2018-04-27 21:04:50,137 [      CrawlerWorker.java:0:80] - id0	Downloaded:	https://www.yahoo.com/
2018-04-27 21:04:50,569 [      CrawlerWorker.java:6:80] - id6	Downloaded:	https://en.wikipedia.org/w/index.php?title=How-to&action=info
2018-04-27 21:04:50,616 [      CrawlerWorker.java:1:80] - id1	Downloaded:	https://en.wikiquote.org/wiki/Charles_Dickens
2018-04-27 21:04:50,787 [      CrawlerWorker.java:7:80] - id7	Downloaded:	https://en.wikipedia.org/wiki/File:DTRS_Logo.jpg
2018-04-27 21:04:50,817 [      CrawlerWorker.java:5:80] - id5	Downloaded:	https://en.wikipedia.org/wiki/Textile_printing
2018-04-27 21:04:51,033 [      CrawlerWorker.java:2:80] - id2	Downloaded:	https://commons.wikimedia.org/wiki/Special:MyLanguage/Commons:Project_scope/Precautionary_principle
2018-04-27 21:04:51,033 [      CrawlerWorker.java:3:80] - id3	Downloaded:	https://en.wikipedia.org/w/index.php?title=Robert_Farber_(photographer)&action=edit&section=3
2018-04-27 21:04:51,042 [      CrawlerWorker.java:4:80] - id4	Downloaded:	https://en.wikiquote.org/wiki/Epitaphs
2018-04-27 21:04:51,125 [      CrawlerWorker.java:7:80] - id7	Downloaded:	https://en.wikipedia.org/wiki/Freedom_of_association
2018-04-27 21:04:51,255 [      CrawlerWorker.java:8:80] - id8	Downloaded:	https://en.wikipedia.org/wiki/Bagh,_Dhar
2018-04-27 21:04:51,380 [      CrawlerWorker.java:3:80] - id3	Downloaded:	https://en.wikipedia.org/wiki/FAQ
2018-04-27 21:04:51,498 [      CrawlerWorker.java:0:80] - id0	Downloaded:	https://en.wikipedia.org/wiki/File:Dual_julie_fowlis_muireann_nic_amhlaoibh_eamon_doorley_and_ross_martin.jpg
